<?xml version="1.0" ?>
<!DOCTYPE coverage SYSTEM "http://cobertura.sourceforge.net/xml/coverage-04.dtd">
<coverage lines-valid="188" lines-covered="178" line-rate="0.9468000000000001" branches-valid="61" branches-covered="54" branch-rate="0.8852" timestamp="1612887224845" complexity="0" version="0.1">
  <sources>
    <source>/Users/ache/bbit/bbit.banking-utils</source>
  </sources>
  <packages>
    <package name="iban" line-rate="0.9451" branch-rate="0.8776">
      <classes>
        <class name="iban.ts" filename="src/iban/iban.ts" line-rate="1" branch-rate="0.9615">
          <methods>
            <method name="(anonymous_0)" hits="2" signature="()V">
              <lines>
                <line number="5" hits="2"/>
              </lines>
            </method>
            <method name="(anonymous_1)" hits="168" signature="()V">
              <lines>
                <line number="92" hits="168"/>
              </lines>
            </method>
            <method name="(anonymous_2)" hits="184" signature="()V">
              <lines>
                <line number="99" hits="184"/>
              </lines>
            </method>
            <method name="(anonymous_3)" hits="4" signature="()V">
              <lines>
                <line number="107" hits="4"/>
              </lines>
            </method>
            <method name="(anonymous_4)" hits="4" signature="()V">
              <lines>
                <line number="121" hits="4"/>
              </lines>
            </method>
            <method name="(anonymous_5)" hits="6" signature="()V">
              <lines>
                <line number="132" hits="6"/>
              </lines>
            </method>
            <method name="(anonymous_6)" hits="2" signature="()V">
              <lines>
                <line number="144" hits="2"/>
              </lines>
            </method>
            <method name="(anonymous_7)" hits="170" signature="()V">
              <lines>
                <line number="155" hits="170"/>
              </lines>
            </method>
            <method name="(anonymous_8)" hits="4" signature="()V">
              <lines>
                <line number="168" hits="4"/>
              </lines>
            </method>
          </methods>
          <lines>
            <line number="1" hits="2" branch="false"/>
            <line number="2" hits="2" branch="false"/>
            <line number="3" hits="2" branch="false"/>
            <line number="6" hits="2" branch="false"/>
            <line number="7" hits="2" branch="false"/>
            <line number="8" hits="2" branch="false"/>
            <line number="9" hits="2" branch="false"/>
            <line number="10" hits="2" branch="false"/>
            <line number="11" hits="2" branch="false"/>
            <line number="12" hits="2" branch="false"/>
            <line number="13" hits="2" branch="false"/>
            <line number="14" hits="2" branch="false"/>
            <line number="15" hits="2" branch="false"/>
            <line number="16" hits="2" branch="false"/>
            <line number="17" hits="2" branch="false"/>
            <line number="18" hits="2" branch="false"/>
            <line number="19" hits="2" branch="false"/>
            <line number="20" hits="2" branch="false"/>
            <line number="21" hits="2" branch="false"/>
            <line number="22" hits="2" branch="false"/>
            <line number="23" hits="2" branch="false"/>
            <line number="24" hits="2" branch="false"/>
            <line number="25" hits="2" branch="false"/>
            <line number="26" hits="2" branch="false"/>
            <line number="27" hits="2" branch="false"/>
            <line number="28" hits="2" branch="false"/>
            <line number="29" hits="2" branch="false"/>
            <line number="30" hits="2" branch="false"/>
            <line number="31" hits="2" branch="false"/>
            <line number="32" hits="2" branch="false"/>
            <line number="33" hits="2" branch="false"/>
            <line number="34" hits="2" branch="false"/>
            <line number="35" hits="2" branch="false"/>
            <line number="36" hits="2" branch="false"/>
            <line number="37" hits="2" branch="false"/>
            <line number="38" hits="2" branch="false"/>
            <line number="39" hits="2" branch="false"/>
            <line number="40" hits="2" branch="false"/>
            <line number="41" hits="2" branch="false"/>
            <line number="42" hits="2" branch="false"/>
            <line number="43" hits="2" branch="false"/>
            <line number="44" hits="2" branch="false"/>
            <line number="45" hits="2" branch="false"/>
            <line number="46" hits="2" branch="false"/>
            <line number="47" hits="2" branch="false"/>
            <line number="48" hits="2" branch="false"/>
            <line number="49" hits="2" branch="false"/>
            <line number="50" hits="2" branch="false"/>
            <line number="51" hits="2" branch="false"/>
            <line number="52" hits="2" branch="false"/>
            <line number="53" hits="2" branch="false"/>
            <line number="54" hits="2" branch="false"/>
            <line number="55" hits="2" branch="false"/>
            <line number="56" hits="2" branch="false"/>
            <line number="57" hits="2" branch="false"/>
            <line number="58" hits="2" branch="false"/>
            <line number="59" hits="2" branch="false"/>
            <line number="60" hits="2" branch="false"/>
            <line number="61" hits="2" branch="false"/>
            <line number="62" hits="2" branch="false"/>
            <line number="63" hits="2" branch="false"/>
            <line number="64" hits="2" branch="false"/>
            <line number="65" hits="2" branch="false"/>
            <line number="66" hits="2" branch="false"/>
            <line number="67" hits="2" branch="false"/>
            <line number="68" hits="2" branch="false"/>
            <line number="69" hits="2" branch="false"/>
            <line number="70" hits="2" branch="false"/>
            <line number="71" hits="2" branch="false"/>
            <line number="72" hits="2" branch="false"/>
            <line number="73" hits="2" branch="false"/>
            <line number="74" hits="2" branch="false"/>
            <line number="75" hits="2" branch="false"/>
            <line number="76" hits="2" branch="false"/>
            <line number="77" hits="2" branch="false"/>
            <line number="78" hits="2" branch="false"/>
            <line number="79" hits="2" branch="false"/>
            <line number="80" hits="2" branch="false"/>
            <line number="81" hits="2" branch="false"/>
            <line number="82" hits="2" branch="false"/>
            <line number="83" hits="2" branch="false"/>
            <line number="84" hits="2" branch="false"/>
            <line number="85" hits="2" branch="false"/>
            <line number="86" hits="2" branch="false"/>
            <line number="87" hits="2" branch="false"/>
            <line number="88" hits="2" branch="false"/>
            <line number="89" hits="2" branch="false"/>
            <line number="93" hits="168" branch="false"/>
            <line number="100" hits="184" branch="false"/>
            <line number="101" hits="184" branch="false"/>
            <line number="108" hits="4" branch="false"/>
            <line number="109" hits="4" branch="false"/>
            <line number="110" hits="4" branch="true" condition-coverage="100% (2/2)"/>
            <line number="111" hits="2" branch="false"/>
            <line number="113" hits="2" branch="false"/>
            <line number="122" hits="4" branch="false"/>
            <line number="123" hits="4" branch="true" condition-coverage="100% (2/2)"/>
            <line number="124" hits="2" branch="false"/>
            <line number="126" hits="2" branch="false"/>
            <line number="133" hits="6" branch="true" condition-coverage="100% (4/4)"/>
            <line number="134" hits="4" branch="false"/>
            <line number="135" hits="4" branch="true" condition-coverage="100% (2/2)"/>
            <line number="136" hits="2" branch="false"/>
            <line number="138" hits="2" branch="true" condition-coverage="100% (2/2)"/>
            <line number="145" hits="2" branch="false"/>
            <line number="146" hits="2" branch="false"/>
            <line number="156" hits="170" branch="true" condition-coverage="100% (4/4)"/>
            <line number="157" hits="168" branch="false"/>
            <line number="158" hits="168" branch="false"/>
            <line number="159" hits="168" branch="true" condition-coverage="100% (2/2)"/>
            <line number="169" hits="4" branch="true" condition-coverage="75% (3/4)"/>
            <line number="170" hits="4" branch="false"/>
            <line number="171" hits="4" branch="false"/>
            <line number="172" hits="4" branch="true" condition-coverage="100% (2/2)"/>
          </lines>
        </class>
        <class name="specification.ts" filename="src/iban/specification.ts" line-rate="0.82" branch-rate="0.7826000000000001">
          <methods>
            <method name="(anonymous_0)" hits="168" signature="()V">
              <lines>
                <line number="8" hits="168"/>
              </lines>
            </method>
            <method name="(anonymous_1)" hits="170" signature="()V">
              <lines>
                <line number="22" hits="170"/>
              </lines>
            </method>
            <method name="(anonymous_2)" hits="4098" signature="()V">
              <lines>
                <line number="31" hits="4098"/>
              </lines>
            </method>
            <method name="(anonymous_3)" hits="170" signature="()V">
              <lines>
                <line number="46" hits="170"/>
              </lines>
            </method>
            <method name="(anonymous_4)" hits="168" signature="()V">
              <lines>
                <line number="64" hits="168"/>
              </lines>
            </method>
            <method name="(anonymous_5)" hits="432" signature="()V">
              <lines>
                <line number="66" hits="432"/>
              </lines>
            </method>
            <method name="(anonymous_6)" hits="174" signature="()V">
              <lines>
                <line number="105" hits="174"/>
              </lines>
            </method>
            <method name="(anonymous_7)" hits="168" signature="()V">
              <lines>
                <line number="115" hits="168"/>
              </lines>
            </method>
            <method name="(anonymous_8)" hits="4" signature="()V">
              <lines>
                <line number="130" hits="4"/>
              </lines>
            </method>
            <method name="(anonymous_9)" hits="2" signature="()V">
              <lines>
                <line number="142" hits="2"/>
              </lines>
            </method>
            <method name="(anonymous_10)" hits="2" signature="()V">
              <lines>
                <line number="154" hits="2"/>
              </lines>
            </method>
            <method name="(anonymous_11)" hits="4" signature="()V">
              <lines>
                <line number="173" hits="4"/>
              </lines>
            </method>
          </methods>
          <lines>
            <line number="1" hits="2" branch="false"/>
            <line number="9" hits="168" branch="false"/>
            <line number="10" hits="168" branch="false"/>
            <line number="11" hits="168" branch="false"/>
            <line number="12" hits="168" branch="false"/>
            <line number="23" hits="170" branch="false"/>
            <line number="24" hits="170" branch="false"/>
            <line number="26" hits="170" branch="false"/>
            <line number="27" hits="170" branch="false"/>
            <line number="29" hits="170" branch="false"/>
            <line number="32" hits="4098" branch="false"/>
            <line number="33" hits="4098" branch="true" condition-coverage="100% (4/4)"/>
            <line number="35" hits="556" branch="false"/>
            <line number="37" hits="3542" branch="false"/>
            <line number="47" hits="170" branch="false"/>
            <line number="50" hits="170" branch="false"/>
            <line number="51" hits="676" branch="false"/>
            <line number="52" hits="676" branch="false"/>
            <line number="55" hits="170" branch="false"/>
            <line number="66" hits="168" branch="false"/>
            <line number="69" hits="432" branch="false"/>
            <line number="70" hits="432" branch="false"/>
            <line number="72" hits="432" branch="false"/>
            <line number="74" hits="64" branch="false"/>
            <line number="75" hits="64" branch="false"/>
            <line number="77" hits="0" branch="false"/>
            <line number="78" hits="0" branch="false"/>
            <line number="80" hits="0" branch="false"/>
            <line number="81" hits="0" branch="false"/>
            <line number="83" hits="314" branch="false"/>
            <line number="84" hits="314" branch="false"/>
            <line number="86" hits="0" branch="false"/>
            <line number="87" hits="0" branch="false"/>
            <line number="89" hits="54" branch="false"/>
            <line number="90" hits="54" branch="false"/>
            <line number="92" hits="0" branch="false"/>
            <line number="93" hits="0" branch="false"/>
            <line number="96" hits="432" branch="false"/>
            <line number="99" hits="168" branch="false"/>
            <line number="106" hits="174" branch="true" condition-coverage="100% (2/2)"/>
            <line number="116" hits="168" branch="false"/>
            <line number="131" hits="4" branch="false"/>
            <line number="132" hits="4" branch="true" condition-coverage="100% (2/2)"/>
            <line number="143" hits="2" branch="false"/>
            <line number="155" hits="2" branch="true" condition-coverage="50% (1/2)"/>
            <line number="156" hits="0" branch="false"/>
            <line number="159" hits="2" branch="false"/>
            <line number="160" hits="2" branch="false"/>
            <line number="162" hits="2" branch="false"/>
            <line number="174" hits="4" branch="true" condition-coverage="100% (2/2)"/>
          </lines>
        </class>
      </classes>
    </package>
    <package name="reference" line-rate="0.9582999999999999" branch-rate="0.9167000000000001">
      <classes>
        <class name="mod10.ts" filename="src/reference/mod10.ts" line-rate="1" branch-rate="1">
          <methods>
            <method name="(anonymous_0)" hits="14" signature="()V">
              <lines>
                <line number="4" hits="14"/>
              </lines>
            </method>
          </methods>
          <lines>
            <line number="1" hits="4" branch="false"/>
            <line number="2" hits="4" branch="false"/>
            <line number="5" hits="14" branch="false"/>
            <line number="6" hits="14" branch="false"/>
            <line number="7" hits="14" branch="false"/>
            <line number="8" hits="252" branch="false"/>
            <line number="10" hits="14" branch="false"/>
          </lines>
        </class>
        <class name="reference.ts" filename="src/reference/reference.ts" line-rate="0.9412" branch-rate="0.9167000000000001">
          <methods>
            <method name="(anonymous_0)" hits="8" signature="()V">
              <lines>
                <line number="3" hits="8"/>
              </lines>
            </method>
            <method name="(anonymous_1)" hits="8" signature="()V">
              <lines>
                <line number="15" hits="8"/>
              </lines>
            </method>
            <method name="(anonymous_2)" hits="6" signature="()V">
              <lines>
                <line number="24" hits="6"/>
              </lines>
            </method>
            <method name="(anonymous_3)" hits="2" signature="()V">
              <lines>
                <line number="28" hits="2"/>
              </lines>
            </method>
          </methods>
          <lines>
            <line number="1" hits="2" branch="false"/>
            <line number="2" hits="2" branch="false"/>
            <line number="4" hits="8" branch="true" condition-coverage="100% (4/4)"/>
            <line number="5" hits="4" branch="false"/>
            <line number="10" hits="4" branch="false"/>
            <line number="11" hits="4" branch="false"/>
            <line number="12" hits="4" branch="false"/>
            <line number="16" hits="8" branch="true" condition-coverage="100% (4/4)"/>
            <line number="17" hits="4" branch="false"/>
            <line number="19" hits="4" branch="false"/>
            <line number="20" hits="4" branch="false"/>
            <line number="21" hits="4" branch="false"/>
            <line number="25" hits="6" branch="true" condition-coverage="100% (2/2)"/>
            <line number="29" hits="2" branch="true" condition-coverage="50% (1/2)"/>
            <line number="30" hits="2" branch="false"/>
            <line number="31" hits="2" branch="false"/>
            <line number="41" hits="0" branch="false"/>
          </lines>
        </class>
      </classes>
    </package>
  </packages>
</coverage>
